  Main.cpp
C:\Users\joele\OneDrive\Code\C++ code\ProbGenChess\ProbGenChess\Main.cpp(90,18): warning C4267: 'initializing': conversion from 'size_t' to 'int', possible loss of data
C:\Users\joele\OneDrive\Code\C++ code\ProbGenChess\ProbGenChess\Main.cpp(151,20): warning C4244: 'initializing': conversion from 'time_t' to 'int', possible loss of data
  Evaluators.cpp
C:\Program Files (x86)\Windows Kits\10\Include\10.0.22000.0\um\row.idl(16,11): error C4430: missing type specifier - int assumed. Note: C++ does not support default-int
  (compiling source file 'Evaluators.cpp')
  
C:\Program Files (x86)\Windows Kits\10\Include\10.0.22000.0\um\row.idl(16,10): error C2440: 'initializing': cannot convert from 'const char [26]' to 'int'
  (compiling source file 'Evaluators.cpp')
  C:\Program Files (x86)\Windows Kits\10\Include\10.0.22000.0\um\row.idl(16,10):
  There is no context in which this conversion is possible
  
C:\Program Files (x86)\Windows Kits\10\Include\10.0.22000.0\um\row.idl(19,1): error C2146: syntax error: missing ';' before identifier 'cpp_quote'
  (compiling source file 'Evaluators.cpp')
  
C:\Program Files (x86)\Windows Kits\10\Include\10.0.22000.0\um\row.idl(27,1): error C4430: missing type specifier - int assumed. Note: C++ does not support default-int
  (compiling source file 'Evaluators.cpp')
  
C:\Program Files (x86)\Windows Kits\10\Include\10.0.22000.0\um\row.idl(28,9): error C2760: syntax error: 'HRESULT' was unexpected here; expected '{'
  (compiling source file 'Evaluators.cpp')
  
C:\Program Files (x86)\Windows Kits\10\Include\10.0.22000.0\um\row.idl(29,37): error C2760: syntax error: 'DBORDINAL' was unexpected here; expected '{'
  (compiling source file 'Evaluators.cpp')
  
C:\Program Files (x86)\Windows Kits\10\Include\10.0.22000.0\um\row.idl(29,57): error C2065: 'cColumns': undeclared identifier
  (compiling source file 'Evaluators.cpp')
  
C:\Program Files (x86)\Windows Kits\10\Include\10.0.22000.0\um\row.idl(30,78): error C2760: syntax error: 'DBCOLUMNACCESS' was unexpected here; expected '{'
  (compiling source file 'Evaluators.cpp')
  
C:\Program Files (x86)\Windows Kits\10\Include\10.0.22000.0\um\row.idl(30,94): error C2065: 'rgColumns': undeclared identifier
  (compiling source file 'Evaluators.cpp')
  
C:\Program Files (x86)\Windows Kits\10\Include\10.0.22000.0\um\row.idl(30,104): error C2059: syntax error: ']'
  (compiling source file 'Evaluators.cpp')
  
C:\Program Files (x86)\Windows Kits\10\Include\10.0.22000.0\um\row.idl(33,24): error C4430: missing type specifier - int assumed. Note: C++ does not support default-int
  (compiling source file 'Evaluators.cpp')
  
C:\Program Files (x86)\Windows Kits\10\Include\10.0.22000.0\um\row.idl(33,9): error C2146: syntax error: missing ';' before identifier 'GetSourceRowset'
  (compiling source file 'Evaluators.cpp')
  
C:\Program Files (x86)\Windows Kits\10\Include\10.0.22000.0\um\row.idl(40,13): error C4430: missing type specifier - int assumed. Note: C++ does not support default-int
  (compiling source file 'Evaluators.cpp')
  
C:\Program Files (x86)\Windows Kits\10\Include\10.0.22000.0\um\row.idl(40,1): error C2086: 'int HRESULT': redefinition
  (compiling source file 'Evaluators.cpp')
  C:\Program Files (x86)\Windows Kits\10\Include\10.0.22000.0\um\row.idl(33,1):
  see declaration of 'HRESULT'
  
C:\Program Files (x86)\Windows Kits\10\Include\10.0.22000.0\um\row.idl(40,9): error C2146: syntax error: missing ';' before identifier 'Open'
  (compiling source file 'Evaluators.cpp')
  
C:\Program Files (x86)\Windows Kits\10\Include\10.0.22000.0\um\row.idl(48,1): error C2059: syntax error: '}'
  (compiling source file 'Evaluators.cpp')
  
C:\Program Files (x86)\Windows Kits\10\Include\10.0.22000.0\um\row.idl(48,1): error C2143: syntax error: missing ';' before '}'
  (compiling source file 'Evaluators.cpp')
  
C:\Program Files (x86)\Windows Kits\10\Include\10.0.22000.0\um\row.idl(52,11): error C4430: missing type specifier - int assumed. Note: C++ does not support default-int
  (compiling source file 'Evaluators.cpp')
  
C:\Program Files (x86)\Windows Kits\10\Include\10.0.22000.0\um\row.idl(52,1): error C2374: 'cpp_quote': redefinition; multiple initialization
  (compiling source file 'Evaluators.cpp')
  C:\Program Files (x86)\Windows Kits\10\Include\10.0.22000.0\um\row.idl(16,1):
  see declaration of 'cpp_quote'
  
C:\Users\joele\OneDrive\Code\C++ code\ProbGenChess\ProbGenChess\Evaluators.cpp(22,25): error C2011: 'AdvancedEvaluator6': 'class' type redefinition
  C:\Users\joele\OneDrive\Code\C++ code\ProbGenChess\ProbGenChess\Evaluators.h(4,7):
  see declaration of 'AdvancedEvaluator6'
  
C:\Users\joele\OneDrive\Code\C++ code\ProbGenChess\ProbGenChess\Evaluators.cpp(205,24): warning C4267: 'initializing': conversion from 'size_t' to 'int', possible loss of data
C:\Users\joele\OneDrive\Code\C++ code\ProbGenChess\ProbGenChess\Evaluators.cpp(279,18): warning C4267: 'initializing': conversion from 'size_t' to 'int', possible loss of data
C:\Users\joele\OneDrive\Code\C++ code\ProbGenChess\ProbGenChess\Evaluators.cpp(280,18): warning C4267: 'initializing': conversion from 'size_t' to 'int', possible loss of data
C:\Users\joele\OneDrive\Code\C++ code\ProbGenChess\ProbGenChess\Evaluators.cpp(295,35): warning C4244: '+=': conversion from '__int64' to 'int', possible loss of data
C:\Users\joele\OneDrive\Code\C++ code\ProbGenChess\ProbGenChess\Evaluators.cpp(392,18): warning C4267: 'initializing': conversion from 'size_t' to 'int', possible loss of data
C:\Users\joele\OneDrive\Code\C++ code\ProbGenChess\ProbGenChess\Evaluators.cpp(393,18): warning C4267: 'initializing': conversion from 'size_t' to 'int', possible loss of data
C:\Users\joele\OneDrive\Code\C++ code\ProbGenChess\ProbGenChess\Evaluators.cpp(621,20): error C2079: 'hallo' uses undefined class 'AdvancedEvaluator6'
C:\Users\joele\OneDrive\Code\C++ code\ProbGenChess\ProbGenChess\Evaluators.cpp(621,46): error C2027: use of undefined type 'AdvancedEvaluator6'
  C:\Users\joele\OneDrive\Code\C++ code\ProbGenChess\ProbGenChess\Evaluators.h(4,7):
  see declaration of 'AdvancedEvaluator6'
  
  PositionHandler.cpp
C:\Users\joele\OneDrive\Code\C++ code\ProbGenChess\ProbGenChess\PositionHandler.cpp(8,16): error C2011: 'Position': 'class' type redefinition
  C:\Users\joele\OneDrive\Code\C++ code\ProbGenChess\ProbGenChess\PositionHandler.h(4,7):
  see declaration of 'Position'
  
  Generating Code...
C:\Users\joele\OneDrive\Code\C++ code\ProbGenChess\ProbGenChess\Main.cpp(280): warning C4717: 'analysegames': recursive on all control paths, function will cause runtime stack overflow
